[2017-10-23 21:41:17 CST] <Thread-9>  INFO: Logging to file: D:\我的文档\HBuilderProjects\EWork3.0\unpackage\release\H53F88BFE_1023212208.ipa_1710232141.log
[2017-10-23 21:41:17 CST] <Thread-9>  INFO: Logging configured successfully.
[2017-10-23 21:41:19 CST] <Thread-9>  INFO: iTMSTransporter : iTunes Store Transporter [1.9.4]
[2017-10-23 21:41:19 CST] <Thread-9>  INFO: OS identifier: Windows 10 10.0 (amd64); jvm=25.111-b14; jre=1.8.0_111-b14
[2017-10-23 21:41:19 CST] <Thread-9>  INFO: Memory: [JVM] 42M free, 75M total, 786M max [System] (Physical) 474M free, 3535M total (Swap) 1000M free, 6331M total
[2017-10-23 21:41:19 CST] <Thread-9>  INFO: Upload mode selected.
[2017-10-23 21:41:19 CST] <Thread-9>  INFO: Examining the package at: C:\Users\ADMINI~1\AppData\Local\Temp\au\itmsp\1299661602.itmsp
[2017-10-23 21:41:19 CST] <Thread-9>  INFO: Ensuring that package has well formed metadata file...
[2017-10-23 21:41:19 CST] <Thread-9>  INFO: Gathering the list of valid files from the package ...
[2017-10-23 21:41:19 CST] <Thread-9>  INFO: Finished gathering the list of valid files from the package.
[2017-10-23 21:41:19 CST] <Thread-9>  INFO: Verify progress: Analyzing metadata (Step 0/?)
[2017-10-23 21:41:19 CST] <Thread-9>  INFO: Performing authentication of package 1299661602.itmsp ...
[2017-10-23 21:41:19 CST] <Thread-9>  INFO: Verify progress: Analyzing metadata (Step 1/2)
[2017-10-23 21:41:19 CST] <Thread-9>  INFO: id = 20171023214119-544
[2017-10-23 21:41:20 CST] <Thread-9>  INFO: id = 20171023214120-550
[2017-10-23 21:41:21 CST] <Thread-9>  INFO: The list of files requested for upload by Apple is: [metadata.xml, 1299661602.ipa].  These are the files that will be uploaded.
[2017-10-23 21:41:21 CST] <Thread-9>  INFO: Starting media analysis of assets
[2017-10-23 21:41:23 CST] <Thread-9>  INFO: Verify progress: Adding asset to analyze: 1299661602.ipa (Step 2/3)
[2017-10-23 21:41:24 CST] <Thread-9>  INFO: Asset media analysis has completed
[2017-10-23 21:41:24 CST] <Thread-9>  INFO: id = 20171023214124-274
[2017-10-23 21:41:28 CST] <Thread-9>  INFO: Verify progress: Validating assets (Step 3/3)
[2017-10-23 21:41:28 CST] <Thread-9>  INFO: Verify progress: Validating assets (Step 4/3)
[2017-10-23 21:41:28 CST] <Thread-9>  INFO: id = 20171023214128-821
[2017-10-23 21:41:31 CST] <Thread-9>  INFO: The list of files requested for upload by Apple is: [metadata.xml, 1299661602.ipa].  These are the files that will be uploaded.
[2017-10-23 21:41:31 CST] <Thread-9>  INFO: Done performing authentication.
[2017-10-23 21:41:31 CST] <Thread-9>  INFO: The asset replacement verification check is disabled.
[2017-10-23 21:41:31 CST] <Thread-9>  INFO: Checking the file size of the files: [1299661602.ipa]
[2017-10-23 21:41:31 CST] <Thread-9>  INFO: Done checking the file sizes.
[2017-10-23 21:41:31 CST] <Thread-9>  INFO: Checking the md5 checksum of the files: [1299661602.ipa]
[2017-10-23 21:41:31 CST] <Thread-9>  INFO: Done checking the md5 checksum.
[2017-10-23 21:41:31 CST] <Thread-9>  INFO: Preparing to upload package 1299661602.itmsp ...
[2017-10-23 21:41:31 CST] <Thread-9>  INFO: Starting to upload the package's files (1299661602.itmsp) ...
[2017-10-23 21:41:31 CST] <Thread-9>  INFO: Attempting to connect to Apple's webDAV...
[2017-10-23 21:41:33 CST] <Thread-9>  INFO: Successfully connected to Apple's webDAV.
[2017-10-23 21:41:33 CST] <Thread-9>  INFO: Attempting to create the package's folder on Apple's webDAV: /6/LiuGuoqi1601665331/uploading/1299661602-20171023064129-304.itmsp/
[2017-10-23 21:41:34 CST] <Thread-9>  INFO: Successfully created/set the package's folder on Apple's webDAV.
[2017-10-23 21:41:34 CST] <Thread-9>  INFO: Determining which files should be uploaded ...
[2017-10-23 21:41:34 CST] <Thread-9>  INFO: Finished determining which files should be uploaded.
[2017-10-23 21:41:34 CST] <Thread-9>  INFO: Computing total size of files to upload ...
[2017-10-23 21:41:34 CST] <Thread-9>  INFO: Done computing total size of files to upload.
[2017-10-23 21:41:34 CST] <Thread-9>  INFO: Starting upload of file: C:\Users\ADMINI~1\AppData\Local\Temp\au\itmsp\1299661602.itmsp\metadata.xml ...
[2017-10-23 21:41:35 CST] <Thread-9>  INFO:      File: metadata.xml 518/518, 100% completed
[2017-10-23 21:41:35 CST] <Thread-9>  INFO:   Successfully uploaded file: C:\Users\ADMINI~1\AppData\Local\Temp\au\itmsp\1299661602.itmsp\metadata.xml
[2017-10-23 21:41:35 CST] <Thread-9>  INFO: Package upload progress: 0% completed
[2017-10-23 21:41:35 CST] <Thread-9>  INFO: Finished upload of file: C:\Users\ADMINI~1\AppData\Local\Temp\au\itmsp\1299661602.itmsp\metadata.xml.
[2017-10-23 21:41:35 CST] <Thread-9>  INFO: Starting upload of file: C:\Users\ADMINI~1\AppData\Local\Temp\au\itmsp\1299661602.itmsp\1299661602.ipa ...
[2017-10-23 21:42:12 CST] <Thread-9>  INFO:      File: 1299661602.ipa 10485760/14370627, 72% completed
[2017-10-23 21:42:31 CST] <Thread-9>  INFO:      File: 1299661602.ipa 14370627/14370627, 100% completed
[2017-10-23 21:42:31 CST] <Thread-9>  INFO:   Successfully uploaded file: C:\Users\ADMINI~1\AppData\Local\Temp\au\itmsp\1299661602.itmsp\1299661602.ipa
[2017-10-23 21:42:31 CST] <Thread-9>  INFO: Package upload progress: 100% completed
[2017-10-23 21:42:31 CST] <Thread-9>  INFO: Finished upload of file: C:\Users\ADMINI~1\AppData\Local\Temp\au\itmsp\1299661602.itmsp\1299661602.ipa.
[2017-10-23 21:42:31 CST] <Thread-9>  INFO: Gathering list of uploaded files from Apple's webDAV...
[2017-10-23 21:42:32 CST] <Thread-9>  INFO: Done gathering list of uploaded files from Apple's webDAV...
[2017-10-23 21:42:32 CST] <Thread-9>  INFO: Checking if any encryption/compression files are outdated locally ...
[2017-10-23 21:42:32 CST] <Thread-9>  INFO: Finished checking if any encryption/compression files are outdated locally.
[2017-10-23 21:42:32 CST] <Thread-9>  INFO: Confirming that the previously uploaded files were uploaded correctly ...
[2017-10-23 21:42:32 CST] <Thread-9>  INFO: Finished confirming that the previously uploaded files were uploaded correctly.
[2017-10-23 21:42:32 CST] <Thread-9>  INFO: Determining which files were not uploaded ...
[2017-10-23 21:42:32 CST] <Thread-9>  INFO: Finished determining which files were not uploaded.
[2017-10-23 21:42:32 CST] <Thread-9>  INFO: Done performing upload.
[2017-10-23 21:42:32 CST] <Thread-9>  INFO: id = 20171023214232-557
[2017-10-23 21:42:33 CST] <Thread-9>  INFO: Done performing uploadDone notification to Apple.
[2017-10-23 21:42:33 CST] <Thread-9>  INFO: The package: C:\Users\ADMINI~1\AppData\Local\Temp\au\itmsp\1299661602.itmsp has been successfully uploaded.
[2017-10-23 21:42:33 CST] <Thread-9>  INFO: Verify progress: Operation completed (Step 3/3)



Package Summary:
 
1 packages were uploaded successfully:
	C:\Users\ADMINI~1\AppData\Local\Temp\au\itmsp\1299661602.itmsp
