[2017-10-24 13:42:04 CST] <Thread-17>  INFO: Logging to file: D:\我的文档\HBuilderProjects\EWork3.0\unpackage\release\H53F88BFE_1024134117.ipa_1710241342.log
[2017-10-24 13:42:04 CST] <Thread-17>  INFO: Logging configured successfully.
[2017-10-24 13:42:05 CST] <Thread-17>  INFO: iTMSTransporter : iTunes Store Transporter [1.9.4]
[2017-10-24 13:42:05 CST] <Thread-17>  INFO: OS identifier: Windows 10 10.0 (amd64); jvm=25.111-b14; jre=1.8.0_111-b14
[2017-10-24 13:42:05 CST] <Thread-17>  INFO: Memory: [JVM] 80M free, 149M total, 786M max [System] (Physical) 702M free, 3535M total (Swap) 1465M free, 6044M total
[2017-10-24 13:42:05 CST] <Thread-17>  INFO: Upload mode selected.
[2017-10-24 13:42:05 CST] <Thread-17>  INFO: Examining the package at: C:\Users\ADMINI~1\AppData\Local\Temp\au\itmsp\1299661602.itmsp
[2017-10-24 13:42:05 CST] <Thread-17>  INFO: Ensuring that package has well formed metadata file...
[2017-10-24 13:42:05 CST] <Thread-17>  INFO: Gathering the list of valid files from the package ...
[2017-10-24 13:42:05 CST] <Thread-17>  INFO: Finished gathering the list of valid files from the package.
[2017-10-24 13:42:05 CST] <Thread-17>  INFO: Verify progress: Analyzing metadata (Step 2/?)
[2017-10-24 13:42:05 CST] <Thread-17>  INFO: Performing authentication of package 1299661602.itmsp ...
[2017-10-24 13:42:05 CST] <Thread-17>  INFO: Verify progress: Analyzing metadata (Step 3/2)
[2017-10-24 13:42:05 CST] <Thread-17>  INFO: id = 20171024134205-021
[2017-10-24 13:42:06 CST] <Thread-17>  INFO: id = 20171024134206-504
[2017-10-24 13:42:07 CST] <Thread-17>  INFO: The list of files requested for upload by Apple is: [metadata.xml, 1299661602.ipa].  These are the files that will be uploaded.
[2017-10-24 13:42:07 CST] <Thread-17>  INFO: Starting media analysis of assets
[2017-10-24 13:42:08 CST] <Thread-17>  INFO: Verify progress: Adding asset to analyze: 1299661602.ipa (Step 4/3)
[2017-10-24 13:42:08 CST] <Thread-17>  INFO: Asset media analysis has completed
[2017-10-24 13:42:08 CST] <Thread-17>  INFO: id = 20171024134208-725
[2017-10-24 13:42:13 CST] <Thread-17>  INFO: Verify progress: Validating assets (Step 5/3)
[2017-10-24 13:42:13 CST] <Thread-17>  INFO: Verify progress: Validating assets (Step 6/3)
[2017-10-24 13:42:13 CST] <Thread-17>  INFO: id = 20171024134213-320
[2017-10-24 13:42:16 CST] <Thread-17>  INFO: The list of files requested for upload by Apple is: [metadata.xml, 1299661602.ipa].  These are the files that will be uploaded.
[2017-10-24 13:42:16 CST] <Thread-17>  INFO: Done performing authentication.
[2017-10-24 13:42:16 CST] <Thread-17>  INFO: The asset replacement verification check is disabled.
[2017-10-24 13:42:16 CST] <Thread-17>  INFO: Checking the file size of the files: [1299661602.ipa]
[2017-10-24 13:42:16 CST] <Thread-17>  INFO: Done checking the file sizes.
[2017-10-24 13:42:16 CST] <Thread-17>  INFO: Checking the md5 checksum of the files: [1299661602.ipa]
[2017-10-24 13:42:16 CST] <Thread-17>  INFO: Done checking the md5 checksum.
[2017-10-24 13:42:16 CST] <Thread-17>  INFO: Preparing to upload package 1299661602.itmsp ...
[2017-10-24 13:42:16 CST] <Thread-17>  INFO: Starting to upload the package's files (1299661602.itmsp) ...
[2017-10-24 13:42:16 CST] <Thread-17>  INFO: Attempting to connect to Apple's webDAV...
[2017-10-24 13:42:17 CST] <Thread-17>  INFO: Successfully connected to Apple's webDAV.
[2017-10-24 13:42:17 CST] <Thread-17>  INFO: Attempting to create the package's folder on Apple's webDAV: /5/LiuGuoqi1601665331/uploading/1299661602-20171023224213-642.itmsp/
[2017-10-24 13:42:17 CST] <Thread-17>  INFO: Successfully created/set the package's folder on Apple's webDAV.
[2017-10-24 13:42:17 CST] <Thread-17>  INFO: Determining which files should be uploaded ...
[2017-10-24 13:42:17 CST] <Thread-17>  INFO: Finished determining which files should be uploaded.
[2017-10-24 13:42:17 CST] <Thread-17>  INFO: Computing total size of files to upload ...
[2017-10-24 13:42:17 CST] <Thread-17>  INFO: Done computing total size of files to upload.
[2017-10-24 13:42:18 CST] <Thread-17>  INFO: Starting upload of file: C:\Users\ADMINI~1\AppData\Local\Temp\au\itmsp\1299661602.itmsp\metadata.xml ...
[2017-10-24 13:42:18 CST] <Thread-17>  INFO:      File: metadata.xml 518/518, 100% completed
[2017-10-24 13:42:18 CST] <Thread-17>  INFO:   Successfully uploaded file: C:\Users\ADMINI~1\AppData\Local\Temp\au\itmsp\1299661602.itmsp\metadata.xml
[2017-10-24 13:42:19 CST] <Thread-17>  INFO: Package upload progress: 0% completed
[2017-10-24 13:42:19 CST] <Thread-17>  INFO: Finished upload of file: C:\Users\ADMINI~1\AppData\Local\Temp\au\itmsp\1299661602.itmsp\metadata.xml.
[2017-10-24 13:42:19 CST] <Thread-17>  INFO: Starting upload of file: C:\Users\ADMINI~1\AppData\Local\Temp\au\itmsp\1299661602.itmsp\1299661602.ipa ...
[2017-10-24 13:43:11 CST] <Thread-17>  INFO:      File: 1299661602.ipa 10485760/14370711, 72% completed
[2017-10-24 13:43:34 CST] <Thread-17>  INFO:      File: 1299661602.ipa 14370711/14370711, 100% completed
[2017-10-24 13:43:34 CST] <Thread-17>  INFO:   Successfully uploaded file: C:\Users\ADMINI~1\AppData\Local\Temp\au\itmsp\1299661602.itmsp\1299661602.ipa
[2017-10-24 13:43:34 CST] <Thread-17>  INFO: Package upload progress: 100% completed
[2017-10-24 13:43:34 CST] <Thread-17>  INFO: Finished upload of file: C:\Users\ADMINI~1\AppData\Local\Temp\au\itmsp\1299661602.itmsp\1299661602.ipa.
[2017-10-24 13:43:34 CST] <Thread-17>  INFO: Gathering list of uploaded files from Apple's webDAV...
[2017-10-24 13:43:34 CST] <Thread-17>  INFO: Done gathering list of uploaded files from Apple's webDAV...
[2017-10-24 13:43:34 CST] <Thread-17>  INFO: Checking if any encryption/compression files are outdated locally ...
[2017-10-24 13:43:34 CST] <Thread-17>  INFO: Finished checking if any encryption/compression files are outdated locally.
[2017-10-24 13:43:34 CST] <Thread-17>  INFO: Confirming that the previously uploaded files were uploaded correctly ...
[2017-10-24 13:43:34 CST] <Thread-17>  INFO: Finished confirming that the previously uploaded files were uploaded correctly.
[2017-10-24 13:43:34 CST] <Thread-17>  INFO: Determining which files were not uploaded ...
[2017-10-24 13:43:34 CST] <Thread-17>  INFO: Finished determining which files were not uploaded.
[2017-10-24 13:43:34 CST] <Thread-17>  INFO: Done performing upload.
[2017-10-24 13:43:34 CST] <Thread-17>  INFO: id = 20171024134334-718
[2017-10-24 13:43:36 CST] <Thread-17>  INFO: Done performing uploadDone notification to Apple.
[2017-10-24 13:43:36 CST] <Thread-17>  INFO: The package: C:\Users\ADMINI~1\AppData\Local\Temp\au\itmsp\1299661602.itmsp has been successfully uploaded.
[2017-10-24 13:43:36 CST] <Thread-17>  INFO: Verify progress: Operation completed (Step 3/3)



Package Summary:
 
1 packages were uploaded successfully:
	C:\Users\ADMINI~1\AppData\Local\Temp\au\itmsp\1299661602.itmsp
